0 info it worked if it ends with ok
1 verbose cli [ 'node', '/usr/local/bin/npm', 'install' ]
2 info using npm@2.11.2
3 info using node@v0.12.5
4 verbose readDependencies loading dependencies from /Users/sanket/Documents/Sanket Backup/Backbone-app/package.json
5 warn package.json Backbone-App@0.0.1 No repository field.
6 warn package.json Backbone-App@0.0.1 No README data
7 warn package.json Backbone-App@0.0.1 license should be a valid SPDX license expression
8 verbose install where, deps [ '/Users/sanket/Documents/Sanket Backup/Backbone-app',
8 verbose install   [ 'grunt-browserify',
8 verbose install     'grunt-concat-css',
8 verbose install     'grunt-contrib-concat',
8 verbose install     'grunt-contrib-handlebars',
8 verbose install     'grunt-contrib-less',
8 verbose install     'grunt-contrib-watch',
8 verbose install     'nodemon',
8 verbose install     'underscore.string' ] ]
9 verbose install where, peers [ '/Users/sanket/Documents/Sanket Backup/Backbone-app', [] ]
10 verbose installManyTop reading for lifecycle /Users/sanket/Documents/Sanket Backup/Backbone-app/package.json
11 info preinstall Backbone-App@0.0.1
12 verbose readDependencies loading dependencies from /Users/sanket/Documents/Sanket Backup/Backbone-app/package.json
13 silly cache add args [ 'grunt-browserify@^1.2.12', null ]
14 verbose cache add spec grunt-browserify@^1.2.12
15 silly cache add args [ 'grunt-concat-css@^0.3.1', null ]
16 verbose cache add spec grunt-concat-css@^0.3.1
17 silly cache add parsed spec { raw: 'grunt-browserify@^1.2.12',
17 silly cache add   scope: null,
17 silly cache add   name: 'grunt-browserify',
17 silly cache add   rawSpec: '^1.2.12',
17 silly cache add   spec: '>=1.2.12 <2.0.0',
17 silly cache add   type: 'range' }
18 silly addNamed grunt-browserify@>=1.2.12 <2.0.0
19 verbose addNamed ">=1.2.12 <2.0.0" is a valid semver range for grunt-browserify
20 silly addNameRange { name: 'grunt-browserify',
20 silly addNameRange   range: '>=1.2.12 <2.0.0',
20 silly addNameRange   hasData: false }
21 silly mapToRegistry name grunt-browserify
22 silly mapToRegistry using default registry
23 silly mapToRegistry registry https://registry.npmjs.org/
24 silly mapToRegistry uri https://registry.npmjs.org/grunt-browserify
25 verbose addNameRange registry:https://registry.npmjs.org/grunt-browserify not in flight; fetching
26 silly cache add parsed spec { raw: 'grunt-concat-css@^0.3.1',
26 silly cache add   scope: null,
26 silly cache add   name: 'grunt-concat-css',
26 silly cache add   rawSpec: '^0.3.1',
26 silly cache add   spec: '>=0.3.1 <0.4.0',
26 silly cache add   type: 'range' }
27 silly addNamed grunt-concat-css@>=0.3.1 <0.4.0
28 verbose addNamed ">=0.3.1 <0.4.0" is a valid semver range for grunt-concat-css
29 silly addNameRange { name: 'grunt-concat-css',
29 silly addNameRange   range: '>=0.3.1 <0.4.0',
29 silly addNameRange   hasData: false }
30 silly mapToRegistry name grunt-concat-css
31 silly mapToRegistry using default registry
32 silly mapToRegistry registry https://registry.npmjs.org/
33 silly mapToRegistry uri https://registry.npmjs.org/grunt-concat-css
34 verbose addNameRange registry:https://registry.npmjs.org/grunt-concat-css not in flight; fetching
35 silly cache add args [ 'grunt-contrib-concat@^0.5.0', null ]
36 verbose cache add spec grunt-contrib-concat@^0.5.0
37 silly cache add parsed spec { raw: 'grunt-contrib-concat@^0.5.0',
37 silly cache add   scope: null,
37 silly cache add   name: 'grunt-contrib-concat',
37 silly cache add   rawSpec: '^0.5.0',
37 silly cache add   spec: '>=0.5.0 <0.6.0',
37 silly cache add   type: 'range' }
38 silly addNamed grunt-contrib-concat@>=0.5.0 <0.6.0
39 verbose addNamed ">=0.5.0 <0.6.0" is a valid semver range for grunt-contrib-concat
40 silly addNameRange { name: 'grunt-contrib-concat',
40 silly addNameRange   range: '>=0.5.0 <0.6.0',
40 silly addNameRange   hasData: false }
41 silly mapToRegistry name grunt-contrib-concat
42 silly mapToRegistry using default registry
43 silly mapToRegistry registry https://registry.npmjs.org/
44 silly mapToRegistry uri https://registry.npmjs.org/grunt-contrib-concat
45 verbose addNameRange registry:https://registry.npmjs.org/grunt-contrib-concat not in flight; fetching
46 silly cache add args [ 'grunt-contrib-handlebars@^0.8.0', null ]
47 verbose cache add spec grunt-contrib-handlebars@^0.8.0
48 silly cache add parsed spec { raw: 'grunt-contrib-handlebars@^0.8.0',
48 silly cache add   scope: null,
48 silly cache add   name: 'grunt-contrib-handlebars',
48 silly cache add   rawSpec: '^0.8.0',
48 silly cache add   spec: '>=0.8.0 <0.9.0',
48 silly cache add   type: 'range' }
49 silly addNamed grunt-contrib-handlebars@>=0.8.0 <0.9.0
50 verbose addNamed ">=0.8.0 <0.9.0" is a valid semver range for grunt-contrib-handlebars
51 silly addNameRange { name: 'grunt-contrib-handlebars',
51 silly addNameRange   range: '>=0.8.0 <0.9.0',
51 silly addNameRange   hasData: false }
52 silly mapToRegistry name grunt-contrib-handlebars
53 silly mapToRegistry using default registry
54 silly mapToRegistry registry https://registry.npmjs.org/
55 silly mapToRegistry uri https://registry.npmjs.org/grunt-contrib-handlebars
56 verbose addNameRange registry:https://registry.npmjs.org/grunt-contrib-handlebars not in flight; fetching
57 silly cache add args [ 'grunt-contrib-less@^0.11.0', null ]
58 verbose cache add spec grunt-contrib-less@^0.11.0
59 silly cache add parsed spec { raw: 'grunt-contrib-less@^0.11.0',
59 silly cache add   scope: null,
59 silly cache add   name: 'grunt-contrib-less',
59 silly cache add   rawSpec: '^0.11.0',
59 silly cache add   spec: '>=0.11.0 <0.12.0',
59 silly cache add   type: 'range' }
60 silly addNamed grunt-contrib-less@>=0.11.0 <0.12.0
61 verbose addNamed ">=0.11.0 <0.12.0" is a valid semver range for grunt-contrib-less
62 silly addNameRange { name: 'grunt-contrib-less',
62 silly addNameRange   range: '>=0.11.0 <0.12.0',
62 silly addNameRange   hasData: false }
63 silly mapToRegistry name grunt-contrib-less
64 silly mapToRegistry using default registry
65 silly mapToRegistry registry https://registry.npmjs.org/
66 silly mapToRegistry uri https://registry.npmjs.org/grunt-contrib-less
67 verbose addNameRange registry:https://registry.npmjs.org/grunt-contrib-less not in flight; fetching
68 silly cache add args [ 'grunt-contrib-watch@^0.6.1', null ]
69 verbose cache add spec grunt-contrib-watch@^0.6.1
70 silly cache add parsed spec { raw: 'grunt-contrib-watch@^0.6.1',
70 silly cache add   scope: null,
70 silly cache add   name: 'grunt-contrib-watch',
70 silly cache add   rawSpec: '^0.6.1',
70 silly cache add   spec: '>=0.6.1 <0.7.0',
70 silly cache add   type: 'range' }
71 silly addNamed grunt-contrib-watch@>=0.6.1 <0.7.0
72 verbose addNamed ">=0.6.1 <0.7.0" is a valid semver range for grunt-contrib-watch
73 silly addNameRange { name: 'grunt-contrib-watch',
73 silly addNameRange   range: '>=0.6.1 <0.7.0',
73 silly addNameRange   hasData: false }
74 silly mapToRegistry name grunt-contrib-watch
75 silly mapToRegistry using default registry
76 silly mapToRegistry registry https://registry.npmjs.org/
77 silly mapToRegistry uri https://registry.npmjs.org/grunt-contrib-watch
78 verbose addNameRange registry:https://registry.npmjs.org/grunt-contrib-watch not in flight; fetching
79 silly cache add args [ 'nodemon@^1.0.17', null ]
80 verbose cache add spec nodemon@^1.0.17
81 silly cache add parsed spec { raw: 'nodemon@^1.0.17',
81 silly cache add   scope: null,
81 silly cache add   name: 'nodemon',
81 silly cache add   rawSpec: '^1.0.17',
81 silly cache add   spec: '>=1.0.17 <2.0.0',
81 silly cache add   type: 'range' }
82 silly addNamed nodemon@>=1.0.17 <2.0.0
83 verbose addNamed ">=1.0.17 <2.0.0" is a valid semver range for nodemon
84 silly addNameRange { name: 'nodemon', range: '>=1.0.17 <2.0.0', hasData: false }
85 silly mapToRegistry name nodemon
86 silly mapToRegistry using default registry
87 silly mapToRegistry registry https://registry.npmjs.org/
88 silly mapToRegistry uri https://registry.npmjs.org/nodemon
89 verbose addNameRange registry:https://registry.npmjs.org/nodemon not in flight; fetching
90 silly cache add args [ 'underscore.string@^3.3.4', null ]
91 verbose cache add spec underscore.string@^3.3.4
92 silly cache add parsed spec { raw: 'underscore.string@^3.3.4',
92 silly cache add   scope: null,
92 silly cache add   name: 'underscore.string',
92 silly cache add   rawSpec: '^3.3.4',
92 silly cache add   spec: '>=3.3.4 <4.0.0',
92 silly cache add   type: 'range' }
93 silly addNamed underscore.string@>=3.3.4 <4.0.0
94 verbose addNamed ">=3.3.4 <4.0.0" is a valid semver range for underscore.string
95 silly addNameRange { name: 'underscore.string',
95 silly addNameRange   range: '>=3.3.4 <4.0.0',
95 silly addNameRange   hasData: false }
96 silly mapToRegistry name underscore.string
97 silly mapToRegistry using default registry
98 silly mapToRegistry registry https://registry.npmjs.org/
99 silly mapToRegistry uri https://registry.npmjs.org/underscore.string
100 verbose addNameRange registry:https://registry.npmjs.org/underscore.string not in flight; fetching
101 verbose request uri https://registry.npmjs.org/grunt-contrib-concat
102 verbose request no auth needed
103 info attempt registry request try #1 at 9:10:14 PM
104 verbose request id fa77aab419a6809f
105 verbose etag "8FZCWGY21JN92RC5W7VIF54RG"
106 http request GET https://registry.npmjs.org/grunt-contrib-concat
107 verbose request uri https://registry.npmjs.org/grunt-concat-css
108 verbose request no auth needed
109 info attempt registry request try #1 at 9:10:14 PM
110 verbose etag "3LKNS640OEF6H86MCMHH97MF7"
111 http request GET https://registry.npmjs.org/grunt-concat-css
112 verbose request uri https://registry.npmjs.org/grunt-browserify
113 verbose request no auth needed
114 info attempt registry request try #1 at 9:10:14 PM
115 verbose etag "EDEV68F13DV8GP2RF8ETT7TQR"
116 http request GET https://registry.npmjs.org/grunt-browserify
117 verbose request uri https://registry.npmjs.org/grunt-contrib-watch
118 verbose request no auth needed
119 info attempt registry request try #1 at 9:10:14 PM
120 verbose etag "BXG5C6OWG0CFKLAR26EBHS9C5"
121 http request GET https://registry.npmjs.org/grunt-contrib-watch
122 verbose request uri https://registry.npmjs.org/grunt-contrib-less
123 verbose request no auth needed
124 info attempt registry request try #1 at 9:10:14 PM
125 verbose etag "435EW3VBIR176EDGIM9NFTQM4"
126 http request GET https://registry.npmjs.org/grunt-contrib-less
127 verbose request uri https://registry.npmjs.org/nodemon
128 verbose request no auth needed
129 info attempt registry request try #1 at 9:10:14 PM
130 verbose etag "4B0U9OFI6EVO65GS1MKZ2Z30D"
131 http request GET https://registry.npmjs.org/nodemon
132 verbose request uri https://registry.npmjs.org/grunt-contrib-handlebars
133 verbose request no auth needed
134 info attempt registry request try #1 at 9:10:14 PM
135 verbose etag "20YMGKMC6JAOHI3ZT4HG1DEX6"
136 http request GET https://registry.npmjs.org/grunt-contrib-handlebars
137 verbose request uri https://registry.npmjs.org/underscore.string
138 verbose request no auth needed
139 info attempt registry request try #1 at 9:10:14 PM
140 verbose etag "1MDPNAT2CB33UK3S3SRNNYHIP"
141 http request GET https://registry.npmjs.org/underscore.string
142 http 304 https://registry.npmjs.org/grunt-contrib-less
143 silly get cb [ 304,
143 silly get   { date: 'Wed, 19 Oct 2016 15:40:15 GMT',
143 silly get     via: '1.1 varnish',
143 silly get     'cache-control': 'max-age=300',
143 silly get     etag: '"435EW3VBIR176EDGIM9NFTQM4"',
143 silly get     age: '234',
143 silly get     connection: 'keep-alive',
143 silly get     'x-served-by': 'cache-sin6920-SIN',
143 silly get     'x-cache': 'HIT',
143 silly get     'x-cache-hits': '85',
143 silly get     'x-timer': 'S1476891615.558742,VS0,VE0',
143 silly get     vary: 'Accept-Encoding' } ]
144 verbose etag https://registry.npmjs.org/grunt-contrib-less from cache
145 verbose get saving grunt-contrib-less to /Users/sanket/.npm/registry.npmjs.org/grunt-contrib-less/.cache.json
146 silly addNameRange number 2 { name: 'grunt-contrib-less',
146 silly addNameRange   range: '>=0.11.0 <0.12.0',
146 silly addNameRange   hasData: true }
147 silly addNameRange versions [ 'grunt-contrib-less',
147 silly addNameRange   [ '0.1.0',
147 silly addNameRange     '0.2.0',
147 silly addNameRange     '0.2.1',
147 silly addNameRange     '0.2.2',
147 silly addNameRange     '0.3.0',
147 silly addNameRange     '0.3.1',
147 silly addNameRange     '0.3.2',
147 silly addNameRange     '0.5.0',
147 silly addNameRange     '0.5.1',
147 silly addNameRange     '0.5.2',
147 silly addNameRange     '0.6.0',
147 silly addNameRange     '0.6.1',
147 silly addNameRange     '0.6.2',
147 silly addNameRange     '0.6.3',
147 silly addNameRange     '0.6.4',
147 silly addNameRange     '0.6.5',
147 silly addNameRange     '0.7.0',
147 silly addNameRange     '0.8.0',
147 silly addNameRange     '0.8.1',
147 silly addNameRange     '0.8.2',
147 silly addNameRange     '0.8.3',
147 silly addNameRange     '0.9.0',
147 silly addNameRange     '0.10.0',
147 silly addNameRange     '0.11.0',
147 silly addNameRange     '0.11.1',
147 silly addNameRange     '0.11.2',
147 silly addNameRange     '0.11.3',
147 silly addNameRange     '0.11.4',
147 silly addNameRange     '0.12.0',
147 silly addNameRange     '1.0.0',
147 silly addNameRange     '1.0.1',
147 silly addNameRange     '1.1.0',
147 silly addNameRange     '1.2.0',
147 silly addNameRange     '1.3.0',
147 silly addNameRange     '1.4.0',
147 silly addNameRange     '0.5.0-rc7' ] ]
148 silly addNamed grunt-contrib-less@0.11.4
149 verbose addNamed "0.11.4" is a plain semver version for grunt-contrib-less
150 http 304 https://registry.npmjs.org/grunt-contrib-watch
151 silly get cb [ 304,
151 silly get   { date: 'Wed, 19 Oct 2016 15:40:15 GMT',
151 silly get     via: '1.1 varnish',
151 silly get     'cache-control': 'max-age=300',
151 silly get     etag: '"BXG5C6OWG0CFKLAR26EBHS9C5"',
151 silly get     age: '112',
151 silly get     connection: 'keep-alive',
151 silly get     'x-served-by': 'cache-sin6921-SIN',
151 silly get     'x-cache': 'HIT',
151 silly get     'x-cache-hits': '1',
151 silly get     'x-timer': 'S1476891615.569817,VS0,VE8',
151 silly get     vary: 'Accept-Encoding' } ]
152 verbose etag https://registry.npmjs.org/grunt-contrib-watch from cache
153 verbose get saving grunt-contrib-watch to /Users/sanket/.npm/registry.npmjs.org/grunt-contrib-watch/.cache.json
154 silly cache afterAdd grunt-contrib-less@0.11.4
155 verbose afterAdd /Users/sanket/.npm/grunt-contrib-less/0.11.4/package/package.json not in flight; writing
156 silly addNameRange number 2 { name: 'grunt-contrib-watch',
156 silly addNameRange   range: '>=0.6.1 <0.7.0',
156 silly addNameRange   hasData: true }
157 silly addNameRange versions [ 'grunt-contrib-watch',
157 silly addNameRange   [ '0.1.0',
157 silly addNameRange     '0.1.1',
157 silly addNameRange     '0.1.2',
157 silly addNameRange     '0.1.3',
157 silly addNameRange     '0.1.4',
157 silly addNameRange     '0.2.0',
157 silly addNameRange     '0.3.0',
157 silly addNameRange     '0.3.1',
157 silly addNameRange     '0.4.0',
157 silly addNameRange     '0.4.1',
157 silly addNameRange     '0.4.2',
157 silly addNameRange     '0.4.3',
157 silly addNameRange     '0.4.4',
157 silly addNameRange     '0.5.0',
157 silly addNameRange     '0.5.1',
157 silly addNameRange     '0.5.2',
157 silly addNameRange     '0.5.3',
157 silly addNameRange     '0.6.0',
157 silly addNameRange     '0.6.1',
157 silly addNameRange     '1.0.0',
157 silly addNameRange     '0.2.0-a',
157 silly addNameRange     '0.2.0-rc5',
157 silly addNameRange     '0.2.0-rc7' ] ]
158 silly addNamed grunt-contrib-watch@0.6.1
159 verbose addNamed "0.6.1" is a plain semver version for grunt-contrib-watch
160 verbose afterAdd /Users/sanket/.npm/grunt-contrib-less/0.11.4/package/package.json written
161 silly cache afterAdd grunt-contrib-watch@0.6.1
162 verbose afterAdd /Users/sanket/.npm/grunt-contrib-watch/0.6.1/package/package.json not in flight; writing
163 verbose afterAdd /Users/sanket/.npm/grunt-contrib-watch/0.6.1/package/package.json written
164 http 304 https://registry.npmjs.org/nodemon
165 silly get cb [ 304,
165 silly get   { date: 'Wed, 19 Oct 2016 15:40:15 GMT',
165 silly get     via: '1.1 varnish',
165 silly get     'cache-control': 'max-age=300',
165 silly get     etag: '"4B0U9OFI6EVO65GS1MKZ2Z30D"',
165 silly get     age: '36',
165 silly get     connection: 'keep-alive',
165 silly get     'x-served-by': 'cache-sin6922-SIN',
165 silly get     'x-cache': 'HIT',
165 silly get     'x-cache-hits': '1',
165 silly get     'x-timer': 'S1476891615.597954,VS0,VE0',
165 silly get     vary: 'Accept-Encoding' } ]
166 verbose etag https://registry.npmjs.org/nodemon from cache
167 verbose get saving nodemon to /Users/sanket/.npm/registry.npmjs.org/nodemon/.cache.json
168 silly addNameRange number 2 { name: 'nodemon', range: '>=1.0.17 <2.0.0', hasData: true }
169 silly addNameRange versions [ 'nodemon',
169 silly addNameRange   [ '0.1.4',
169 silly addNameRange     '0.1.5',
169 silly addNameRange     '0.1.6',
169 silly addNameRange     '0.1.7',
169 silly addNameRange     '0.1.8',
169 silly addNameRange     '0.2.0',
169 silly addNameRange     '0.2.1',
169 silly addNameRange     '0.2.2',
169 silly addNameRange     '0.3.0',
169 silly addNameRange     '0.3.1',
169 silly addNameRange     '0.3.2',
169 silly addNameRange     '0.4.0',
169 silly addNameRange     '0.4.1',
169 silly addNameRange     '0.5.0',
169 silly addNameRange     '0.5.1',
169 silly addNameRange     '0.5.2',
169 silly addNameRange     '0.5.3',
169 silly addNameRange     '0.5.4',
169 silly addNameRange     '0.5.5',
169 silly addNameRange     '0.5.6',
169 silly addNameRange     '0.5.7',
169 silly addNameRange     '0.6.0',
169 silly addNameRange     '0.6.1',
169 silly addNameRange     '0.6.2',
169 silly addNameRange     '0.6.3',
169 silly addNameRange     '0.6.4',
169 silly addNameRange     '0.6.5',
169 silly addNameRange     '0.6.6',
169 silly addNameRange     '0.6.7',
169 silly addNameRange     '0.6.8',
169 silly addNameRange     '0.6.9',
169 silly addNameRange     '0.6.10',
169 silly addNameRange     '0.6.11',
169 silly addNameRange     '0.6.12',
169 silly addNameRange     '0.6.13',
169 silly addNameRange     '0.6.14',
169 silly addNameRange     '0.6.15',
169 silly addNameRange     '0.6.16',
169 silly addNameRange     '0.6.17',
169 silly addNameRange     '0.6.18',
169 silly addNameRange     '0.6.19',
169 silly addNameRange     '0.6.20',
169 silly addNameRange     '0.6.21',
169 silly addNameRange     '0.6.22',
169 silly addNameRange     '0.6.23',
169 silly addNameRange     '0.7.0',
169 silly addNameRange     '0.7.1',
169 silly addNameRange     '0.7.2',
169 silly addNameRange     '0.7.3',
169 silly addNameRange     '0.7.4',
169 silly addNameRange     '0.7.5',
169 silly addNameRange     '0.7.6',
169 silly addNameRange     '0.7.7',
169 silly addNameRange     '0.7.8',
169 silly addNameRange     '0.7.10',
169 silly addNameRange     '0.9.0',
169 silly addNameRange     '0.9.1',
169 silly addNameRange     '0.9.2',
169 silly addNameRange     '0.9.3',
169 silly addNameRange     '0.9.5',
169 silly addNameRange     '0.9.6',
169 silly addNameRange     '0.9.7',
169 silly addNameRange     '0.9.10',
169 silly addNameRange     '0.9.11',
169 silly addNameRange     '0.9.12',
169 silly addNameRange     '0.9.14',
169 silly addNameRange     '0.9.16',
169 silly addNameRange     '0.9.17',
169 silly addNameRange     '1.0.0',
169 silly addNameRange     '1.0.1',
169 silly addNameRange     '1.0.2',
169 silly addNameRange     '1.0.2-rc',
169 silly addNameRange     '0.6.10-a',
169 silly addNameRange     '1.0.2-rc3',
169 silly addNameRange     '1.0.2-rc4',
169 silly addNameRange     '1.0.3',
169 silly addNameRange     '1.0.4',
169 silly addNameRange     '1.0.5',
169 silly addNameRange     '1.0.6',
169 silly addNameRange     '1.0.7',
169 silly addNameRange     '1.0.8',
169 silly addNameRange     '1.0.9',
169 silly addNameRange     '1.0.10',
169 silly addNameRange     '1.0.11',
169 silly addNameRange     '1.0.12',
169 silly addNameRange     '1.0.13',
169 silly addNameRange     '1.0.14',
169 silly addNameRange     '1.0.15',
169 silly addNameRange     '1.0.16',
169 silly addNameRange     '1.0.17-rc1',
169 silly addNameRange     '1.0.17-rc2',
169 silly addNameRange     '1.0.17',
169 silly addNameRange     '1.0.18',
169 silly addNameRange     '1.0.19',
169 silly addNameRange     '1.0.20',
169 silly addNameRange     '1.1.0-alpha',
169 silly addNameRange     '1.1.0',
169 silly addNameRange     '1.1.1',
169 silly addNameRange     '1.2.0',
169 silly addNameRange     '1.2.1',
169 silly addNameRange     '1.3.0-0',
169 silly addNameRange     '1.3.0-1',
169 silly addNameRange     '1.3.0-2',
169 silly addNameRange     '1.3.0-3',
169 silly addNameRange     '1.3.0-4',
169 silly addNameRange     '1.3.0-5',
169 silly addNameRange     '1.3.0-6',
169 silly addNameRange     '1.3.0-7',
169 silly addNameRange     '1.3.0',
169 silly addNameRange     '1.3.1',
169 silly addNameRange     '1.3.2',
169 silly addNameRange     '1.3.3',
169 silly addNameRange     '1.3.5',
169 silly addNameRange     '1.3.6',
169 silly addNameRange     '1.3.7',
169 silly addNameRange     '1.3.8',
169 silly addNameRange     '1.4.0',
169 silly addNameRange     '1.4.1',
169 silly addNameRange     '1.5.0-alpha1',
169 silly addNameRange     '1.5.0-alpha2',
169 silly addNameRange     '1.5.0-alpha3',
169 silly addNameRange     '1.5.0-alpha4',
169 silly addNameRange     '1.4.2',
169 silly addNameRange     '1.5.0',
169 silly addNameRange     '1.5.1',
169 silly addNameRange     '1.6.0',
169 silly addNameRange     '1.6.1',
169 silly addNameRange     '1.7.0',
169 silly addNameRange     '1.7.1',
169 silly addNameRange     '1.7.2',
169 silly addNameRange     '1.7.3',
169 silly addNameRange     '1.8.0',
169 silly addNameRange     '1.8.1',
169 silly addNameRange     '1.9.0',
169 silly addNameRange     '1.9.1',
169 silly addNameRange     '1.9.2',
169 silly addNameRange     '1.10.0',
169 silly addNameRange     '1.10.1',
169 silly addNameRange     '1.10.2',
169 silly addNameRange     '1.11.0' ] ]
170 silly addNamed nodemon@1.11.0
171 verbose addNamed "1.11.0" is a plain semver version for nodemon
172 silly mapToRegistry name nodemon
173 silly mapToRegistry using default registry
174 silly mapToRegistry registry https://registry.npmjs.org/
175 silly mapToRegistry uri https://registry.npmjs.org/nodemon
176 verbose addRemoteTarball https://registry.npmjs.org/nodemon/-/nodemon-1.11.0.tgz not in flight; adding
177 verbose addRemoteTarball [ 'https://registry.npmjs.org/nodemon/-/nodemon-1.11.0.tgz',
177 verbose addRemoteTarball   '226c562bd2a7b13d3d7518b49ad4828a3623d06c' ]
178 http 304 https://registry.npmjs.org/grunt-concat-css
179 silly get cb [ 304,
179 silly get   { date: 'Wed, 19 Oct 2016 15:40:15 GMT',
179 silly get     via: '1.1 varnish',
179 silly get     'cache-control': 'max-age=300',
179 silly get     etag: '"3LKNS640OEF6H86MCMHH97MF7"',
179 silly get     age: '0',
179 silly get     connection: 'keep-alive',
179 silly get     'x-served-by': 'cache-sin6925-SIN',
179 silly get     'x-cache': 'MISS',
179 silly get     'x-cache-hits': '0',
179 silly get     'x-timer': 'S1476891615.558259,VS0,VE225',
179 silly get     vary: 'Accept-Encoding' } ]
180 verbose etag https://registry.npmjs.org/grunt-concat-css from cache
181 verbose get saving grunt-concat-css to /Users/sanket/.npm/registry.npmjs.org/grunt-concat-css/.cache.json
182 silly addNameRange number 2 { name: 'grunt-concat-css',
182 silly addNameRange   range: '>=0.3.1 <0.4.0',
182 silly addNameRange   hasData: true }
183 silly addNameRange versions [ 'grunt-concat-css',
183 silly addNameRange   [ '0.1.0', '0.1.1', '0.2.0', '0.3.0', '0.3.1' ] ]
184 silly addNamed grunt-concat-css@0.3.1
185 verbose addNamed "0.3.1" is a plain semver version for grunt-concat-css
186 http 304 https://registry.npmjs.org/grunt-contrib-concat
187 silly get cb [ 304,
187 silly get   { date: 'Wed, 19 Oct 2016 15:40:15 GMT',
187 silly get     via: '1.1 varnish',
187 silly get     'cache-control': 'max-age=300',
187 silly get     etag: '"8FZCWGY21JN92RC5W7VIF54RG"',
187 silly get     age: '0',
187 silly get     connection: 'keep-alive',
187 silly get     'x-served-by': 'cache-sin6925-SIN',
187 silly get     'x-cache': 'HIT',
187 silly get     'x-cache-hits': '1',
187 silly get     'x-timer': 'S1476891615.571967,VS0,VE228',
187 silly get     vary: 'Accept-Encoding' } ]
188 verbose etag https://registry.npmjs.org/grunt-contrib-concat from cache
189 verbose get saving grunt-contrib-concat to /Users/sanket/.npm/registry.npmjs.org/grunt-contrib-concat/.cache.json
190 silly addNameRange number 2 { name: 'grunt-contrib-concat',
190 silly addNameRange   range: '>=0.5.0 <0.6.0',
190 silly addNameRange   hasData: true }
191 silly addNameRange versions [ 'grunt-contrib-concat',
191 silly addNameRange   [ '0.1.0',
191 silly addNameRange     '0.1.1',
191 silly addNameRange     '0.1.2',
191 silly addNameRange     '0.1.3',
191 silly addNameRange     '0.2.0',
191 silly addNameRange     '0.3.0',
191 silly addNameRange     '0.4.0',
191 silly addNameRange     '0.5.0',
191 silly addNameRange     '0.5.1',
191 silly addNameRange     '1.0.0',
191 silly addNameRange     '1.0.1',
191 silly addNameRange     '0.1.2-rc5',
191 silly addNameRange     '0.1.2-rc6' ] ]
192 silly addNamed grunt-contrib-concat@0.5.1
193 verbose addNamed "0.5.1" is a plain semver version for grunt-contrib-concat
194 http 304 https://registry.npmjs.org/grunt-contrib-handlebars
195 silly get cb [ 304,
195 silly get   { date: 'Wed, 19 Oct 2016 15:40:15 GMT',
195 silly get     via: '1.1 varnish',
195 silly get     'cache-control': 'max-age=300',
195 silly get     etag: '"20YMGKMC6JAOHI3ZT4HG1DEX6"',
195 silly get     age: '0',
195 silly get     connection: 'keep-alive',
195 silly get     'x-served-by': 'cache-sin6927-SIN',
195 silly get     'x-cache': 'HIT',
195 silly get     'x-cache-hits': '1',
195 silly get     'x-timer': 'S1476891615.556263,VS0,VE256',
195 silly get     vary: 'Accept-Encoding' } ]
196 verbose etag https://registry.npmjs.org/grunt-contrib-handlebars from cache
197 verbose get saving grunt-contrib-handlebars to /Users/sanket/.npm/registry.npmjs.org/grunt-contrib-handlebars/.cache.json
198 silly addNameRange number 2 { name: 'grunt-contrib-handlebars',
198 silly addNameRange   range: '>=0.8.0 <0.9.0',
198 silly addNameRange   hasData: true }
199 silly addNameRange versions [ 'grunt-contrib-handlebars',
199 silly addNameRange   [ '0.2.0',
199 silly addNameRange     '0.2.1',
199 silly addNameRange     '0.2.2',
199 silly addNameRange     '0.2.3',
199 silly addNameRange     '0.2.4',
199 silly addNameRange     '0.3.0',
199 silly addNameRange     '0.3.1',
199 silly addNameRange     '0.3.2',
199 silly addNameRange     '0.3.3',
199 silly addNameRange     '0.3.4',
199 silly addNameRange     '0.3.5',
199 silly addNameRange     '0.5.4',
199 silly addNameRange     '0.5.5',
199 silly addNameRange     '0.5.6',
199 silly addNameRange     '0.5.7',
199 silly addNameRange     '0.5.8',
199 silly addNameRange     '0.5.9',
199 silly addNameRange     '0.5.10',
199 silly addNameRange     '0.5.11',
199 silly addNameRange     '0.5.12',
199 silly addNameRange     '0.6.0',
199 silly addNameRange     '0.5.0-rc7',
199 silly addNameRange     '0.5.1-rc7',
199 silly addNameRange     '0.5.2-rc7',
199 silly addNameRange     '0.5.3-rc7',
199 silly addNameRange     '0.5.4-rc7',
199 silly addNameRange     '0.6.1',
199 silly addNameRange     '0.7.0',
199 silly addNameRange     '0.8.0',
199 silly addNameRange     '0.9.0',
199 silly addNameRange     '0.9.1',
199 silly addNameRange     '0.9.2',
199 silly addNameRange     '0.9.3',
199 silly addNameRange     '0.10.0',
199 silly addNameRange     '0.10.1',
199 silly addNameRange     '0.10.2',
199 silly addNameRange     '0.11.0',
199 silly addNameRange     '1.0.0' ] ]
200 silly addNamed grunt-contrib-handlebars@0.8.0
201 verbose addNamed "0.8.0" is a plain semver version for grunt-contrib-handlebars
202 silly cache afterAdd grunt-concat-css@0.3.1
203 verbose afterAdd /Users/sanket/.npm/grunt-concat-css/0.3.1/package/package.json not in flight; writing
204 silly cache afterAdd grunt-contrib-concat@0.5.1
205 verbose afterAdd /Users/sanket/.npm/grunt-contrib-concat/0.5.1/package/package.json not in flight; writing
206 verbose afterAdd /Users/sanket/.npm/grunt-concat-css/0.3.1/package/package.json written
207 verbose afterAdd /Users/sanket/.npm/grunt-contrib-concat/0.5.1/package/package.json written
208 silly cache afterAdd grunt-contrib-handlebars@0.8.0
209 verbose afterAdd /Users/sanket/.npm/grunt-contrib-handlebars/0.8.0/package/package.json not in flight; writing
210 verbose afterAdd /Users/sanket/.npm/grunt-contrib-handlebars/0.8.0/package/package.json written
211 http 304 https://registry.npmjs.org/grunt-browserify
212 silly get cb [ 304,
212 silly get   { date: 'Wed, 19 Oct 2016 15:40:16 GMT',
212 silly get     via: '1.1 varnish',
212 silly get     'cache-control': 'max-age=300',
212 silly get     etag: '"EDEV68F13DV8GP2RF8ETT7TQR"',
212 silly get     age: '111',
212 silly get     connection: 'keep-alive',
212 silly get     'x-served-by': 'cache-sin6922-SIN',
212 silly get     'x-cache': 'HIT',
212 silly get     'x-cache-hits': '1',
212 silly get     'x-timer': 'S1476891616.254600,VS0,VE0',
212 silly get     vary: 'Accept-Encoding' } ]
213 verbose etag https://registry.npmjs.org/grunt-browserify from cache
214 verbose get saving grunt-browserify to /Users/sanket/.npm/registry.npmjs.org/grunt-browserify/.cache.json
215 silly addNameRange number 2 { name: 'grunt-browserify',
215 silly addNameRange   range: '>=1.2.12 <2.0.0',
215 silly addNameRange   hasData: true }
216 silly addNameRange versions [ 'grunt-browserify',
216 silly addNameRange   [ '0.1.0',
216 silly addNameRange     '0.1.1',
216 silly addNameRange     '0.1.2',
216 silly addNameRange     '0.1.3',
216 silly addNameRange     '0.2.0',
216 silly addNameRange     '0.2.1',
216 silly addNameRange     '0.2.2',
216 silly addNameRange     '0.2.3',
216 silly addNameRange     '0.2.4',
216 silly addNameRange     '0.2.5',
216 silly addNameRange     '1.0.0',
216 silly addNameRange     '1.0.1',
216 silly addNameRange     '1.0.2',
216 silly addNameRange     '1.0.3',
216 silly addNameRange     '1.0.4',
216 silly addNameRange     '1.0.5',
216 silly addNameRange     '1.1.1',
216 silly addNameRange     '1.2.0',
216 silly addNameRange     '1.2.1',
216 silly addNameRange     '1.2.2',
216 silly addNameRange     '1.2.3',
216 silly addNameRange     '1.2.4',
216 silly addNameRange     '1.2.5',
216 silly addNameRange     '1.2.6',
216 silly addNameRange     '1.2.7',
216 silly addNameRange     '1.2.8',
216 silly addNameRange     '1.2.9',
216 silly addNameRange     '1.2.10',
216 silly addNameRange     '1.2.11',
216 silly addNameRange     '1.2.12',
216 silly addNameRange     '1.3.0',
216 silly addNameRange     '1.3.1',
216 silly addNameRange     '1.3.2',
216 silly addNameRange     '2.0.1',
216 silly addNameRange     '2.0.3',
216 silly addNameRange     '2.0.5',
216 silly addNameRange     '2.0.6',
216 silly addNameRange     '2.0.7',
216 silly addNameRange     '2.0.8',
216 silly addNameRange     '2.1.0',
216 silly addNameRange     '2.1.1',
216 silly addNameRange     '2.1.2',
216 silly addNameRange     '2.1.3',
216 silly addNameRange     '2.1.4',
216 silly addNameRange     '3.0.0',
216 silly addNameRange     '3.0.1',
216 silly addNameRange     '3.1.0',
216 silly addNameRange     '3.2.0',
216 silly addNameRange     '3.2.1',
216 silly addNameRange     '3.3.0',
216 silly addNameRange     '3.4.0',
216 silly addNameRange     '3.5.0',
216 silly addNameRange     '3.5.1',
216 silly addNameRange     '3.6.0',
216 silly addNameRange     '3.7.0',
216 silly addNameRange     '3.8.0',
216 silly addNameRange     '4.0.0',
216 silly addNameRange     '4.0.1',
216 silly addNameRange     '5.0.0' ] ]
217 silly addNamed grunt-browserify@1.3.2
218 verbose addNamed "1.3.2" is a plain semver version for grunt-browserify
219 silly cache afterAdd grunt-browserify@1.3.2
220 verbose afterAdd /Users/sanket/.npm/grunt-browserify/1.3.2/package/package.json not in flight; writing
221 verbose afterAdd /Users/sanket/.npm/grunt-browserify/1.3.2/package/package.json written
222 http 304 https://registry.npmjs.org/underscore.string
223 silly get cb [ 304,
223 silly get   { date: 'Wed, 19 Oct 2016 15:40:16 GMT',
223 silly get     via: '1.1 varnish',
223 silly get     'cache-control': 'max-age=300',
223 silly get     etag: '"1MDPNAT2CB33UK3S3SRNNYHIP"',
223 silly get     age: '103',
223 silly get     connection: 'keep-alive',
223 silly get     'x-served-by': 'cache-sin6924-SIN',
223 silly get     'x-cache': 'HIT',
223 silly get     'x-cache-hits': '181',
223 silly get     'x-timer': 'S1476891616.488173,VS0,VE0',
223 silly get     vary: 'Accept-Encoding' } ]
224 verbose etag https://registry.npmjs.org/underscore.string from cache
225 verbose get saving underscore.string to /Users/sanket/.npm/registry.npmjs.org/underscore.string/.cache.json
226 silly addNameRange number 2 { name: 'underscore.string',
226 silly addNameRange   range: '>=3.3.4 <4.0.0',
226 silly addNameRange   hasData: true }
227 silly addNameRange versions [ 'underscore.string',
227 silly addNameRange   [ '0.9.2',
227 silly addNameRange     '1.0.0',
227 silly addNameRange     '1.1.3',
227 silly addNameRange     '1.1.4',
227 silly addNameRange     '1.1.5',
227 silly addNameRange     '1.1.6',
227 silly addNameRange     '2.0.0',
227 silly addNameRange     '2.1.0',
227 silly addNameRange     '2.1.1',
227 silly addNameRange     '2.3.0',
227 silly addNameRange     '2.3.1',
227 silly addNameRange     '2.3.2',
227 silly addNameRange     '2.2.1',
227 silly addNameRange     '2.2.0-rc',
227 silly addNameRange     '2.3.3',
227 silly addNameRange     '2.4.0',
227 silly addNameRange     '3.0.0',
227 silly addNameRange     '3.0.1',
227 silly addNameRange     '3.0.2',
227 silly addNameRange     '3.0.3',
227 silly addNameRange     '3.1.0',
227 silly addNameRange     '3.1.1',
227 silly addNameRange     '3.2.0',
227 silly addNameRange     '3.2.1',
227 silly addNameRange     '3.2.2',
227 silly addNameRange     '3.2.3',
227 silly addNameRange     '3.3.0',
227 silly addNameRange     '3.3.2',
227 silly addNameRange     '3.3.3',
227 silly addNameRange     '3.3.4' ] ]
228 silly addNamed underscore.string@3.3.4
229 verbose addNamed "3.3.4" is a plain semver version for underscore.string
230 silly cache afterAdd underscore.string@3.3.4
231 verbose afterAdd /Users/sanket/.npm/underscore.string/3.3.4/package/package.json not in flight; writing
232 verbose afterAdd /Users/sanket/.npm/underscore.string/3.3.4/package/package.json written
233 verbose stack Error: EPERM, mkdir '/tmp/npm-1413-3c537aac'
233 verbose stack     at Error (native)
234 verbose cwd /Users/sanket/Documents/Sanket Backup/Backbone-app
235 error Darwin 15.0.0
236 error argv "node" "/usr/local/bin/npm" "install"
237 error node v0.12.5
238 error npm  v2.11.2
239 error path /tmp/npm-1413-3c537aac
240 error code EPERM
241 error errno -1
242 error Error: EPERM, mkdir '/tmp/npm-1413-3c537aac'
242 error     at Error (native)
242 error  { [Error: EPERM, mkdir '/tmp/npm-1413-3c537aac']
242 error   errno: -1,
242 error   code: 'EPERM',
242 error   path: '/tmp/npm-1413-3c537aac',
242 error   parent: 'Backbone-App' }
243 error Please try running this command again as root/Administrator.
244 verbose exit [ -1, true ]
